Replace Part BATT1 MS621FE in C:\Users\Joseph\Documents\Condor2\0.PCB\Condor2_NTEL_REV_C.SchDoc with MS621FE from CB_REV_C.SCHLIB
Replace Part C1 CAP0603 in C:\Users\Joseph\Documents\Condor2\0.PCB\Condor2_NTEL_REV_C.SchDoc with CAP0603 from CB_REV_C.SCHLIB
Replace Part C2 CAP0805 in C:\Users\Joseph\Documents\Condor2\0.PCB\Condor2_NTEL_REV_C.SchDoc with CAP0805 from CB_REV_C.SCHLIB
Replace Part C3 CAP0402 in C:\Users\Joseph\Documents\Condor2\0.PCB\Condor2_NTEL_REV_C.SchDoc with CAP0402 from CB_REV_C.SCHLIB
Replace Part C4 CAP0402 in C:\Users\Joseph\Documents\Condor2\0.PCB\Condor2_NTEL_REV_C.SchDoc with CAP0402 from CB_REV_C.SCHLIB
Replace Part C5 CAP0402 in C:\Users\Joseph\Documents\Condor2\0.PCB\Condor2_NTEL_REV_C.SchDoc with CAP0402 from CB_REV_C.SCHLIB
Replace Part C6 CAP0402 in C:\Users\Joseph\Documents\Condor2\0.PCB\Condor2_NTEL_REV_C.SchDoc with CAP0402 from CB_REV_C.SCHLIB
Replace Part EDISON1 Ed in C:\Users\Joseph\Documents\Condor2\0.PCB\Condor2_NTEL_REV_C.SchDoc with Ed from CB_REV_C.SCHLIB
Replace Part L1 INDUCTOR-XFL4020 in C:\Users\Joseph\Documents\Condor2\0.PCB\Condor2_NTEL_REV_C.SchDoc with INDUCTOR-XFL4020 from CB_REV_C.SCHLIB
Replace Part L2 INDUCTOR0805 in C:\Users\Joseph\Documents\Condor2\0.PCB\Condor2_NTEL_REV_C.SchDoc with INDUCTOR0805 from CB_REV_C.SCHLIB
Replace Part LED1 LED0603 in C:\Users\Joseph\Documents\Condor2\0.PCB\Condor2_NTEL_REV_C.SchDoc with LED0603 from CB_REV_C.SCHLIB
Replace Part LED2 LED0603 in C:\Users\Joseph\Documents\Condor2\0.PCB\Condor2_NTEL_REV_C.SchDoc with LED0603 from CB_REV_C.SCHLIB
Replace Part LV1 SN74LVC1T45 in C:\Users\Joseph\Documents\Condor2\0.PCB\Condor2_NTEL_REV_C.SchDoc with SN74LVC1T45 from CB_REV_C.SCHLIB
Replace Part LV2 SN74LVC1T45 in C:\Users\Joseph\Documents\Condor2\0.PCB\Condor2_NTEL_REV_C.SchDoc with SN74LVC1T45 from CB_REV_C.SCHLIB
Replace Part LV3 SN74LVC1T45 in C:\Users\Joseph\Documents\Condor2\0.PCB\Condor2_NTEL_REV_C.SchDoc with SN74LVC1T45 from CB_REV_C.SCHLIB
Replace Part LV4 SN74LVC1T45 in C:\Users\Joseph\Documents\Condor2\0.PCB\Condor2_NTEL_REV_C.SchDoc with SN74LVC1T45 from CB_REV_C.SCHLIB
Replace Part LV5 SN74LVC1T45 in C:\Users\Joseph\Documents\Condor2\0.PCB\Condor2_NTEL_REV_C.SchDoc with SN74LVC1T45 from CB_REV_C.SCHLIB
Replace Part LV6 SN74LVC1T45 in C:\Users\Joseph\Documents\Condor2\0.PCB\Condor2_NTEL_REV_C.SchDoc with SN74LVC1T45 from CB_REV_C.SCHLIB
Replace Part Nut 1 PEM-SMTSO-M1.6-2-ET in C:\Users\Joseph\Documents\Condor2\0.PCB\Condor2_NTEL_REV_C.SchDoc with PEM-SMTSO-M1.6-2-ET from CB_REV_C.SCHLIB
Replace Part Nut 2 PEM-SMTSO-M1.6-2-ET in C:\Users\Joseph\Documents\Condor2\0.PCB\Condor2_NTEL_REV_C.SchDoc with PEM-SMTSO-M1.6-2-ET from CB_REV_C.SCHLIB
Replace Part P2 DF40-70_RECEPTICAL in C:\Users\Joseph\Documents\Condor2\0.PCB\Condor2_NTEL_REV_C.SchDoc with DF40-70_RECEPTICAL from CB_REV_C.SCHLIB
Replace Part R1 RESISTOR0402-RES in C:\Users\Joseph\Documents\Condor2\0.PCB\Condor2_NTEL_REV_C.SchDoc with RESISTOR0402-RES from CB_REV_C.SCHLIB
Replace Part R2 RESISTOR0402-RES in C:\Users\Joseph\Documents\Condor2\0.PCB\Condor2_NTEL_REV_C.SchDoc with RESISTOR0402-RES from CB_REV_C.SCHLIB
Replace Part R3 RESISTOR0402-RES in C:\Users\Joseph\Documents\Condor2\0.PCB\Condor2_NTEL_REV_C.SchDoc with RESISTOR0402-RES from CB_REV_C.SCHLIB
Replace Part R4 RESISTOR0402-RES in C:\Users\Joseph\Documents\Condor2\0.PCB\Condor2_NTEL_REV_C.SchDoc with RESISTOR0402-RES from CB_REV_C.SCHLIB
Replace Part R5 RESISTOR0402-RES in C:\Users\Joseph\Documents\Condor2\0.PCB\Condor2_NTEL_REV_C.SchDoc with RESISTOR0402-RES from CB_REV_C.SCHLIB
Replace Part R6 RESISTOR0402-RES in C:\Users\Joseph\Documents\Condor2\0.PCB\Condor2_NTEL_REV_C.SchDoc with RESISTOR0402-RES from CB_REV_C.SCHLIB
Replace Part R7 RESISTOR0402-RES in C:\Users\Joseph\Documents\Condor2\0.PCB\Condor2_NTEL_REV_C.SchDoc with RESISTOR0402-RES from CB_REV_C.SCHLIB
Replace Part R8 RESISTOR0402-RES in C:\Users\Joseph\Documents\Condor2\0.PCB\Condor2_NTEL_REV_C.SchDoc with RESISTOR0402-RES from CB_REV_C.SCHLIB
Replace Part R9 RESISTOR0402-RES in C:\Users\Joseph\Documents\Condor2\0.PCB\Condor2_NTEL_REV_C.SchDoc with RESISTOR0402-RES from CB_REV_C.SCHLIB
Replace Part R10 RESISTOR0402-RES in C:\Users\Joseph\Documents\Condor2\0.PCB\Condor2_NTEL_REV_C.SchDoc with RESISTOR0402-RES from CB_REV_C.SCHLIB
Replace Part R11 RESISTOR0402-RES in C:\Users\Joseph\Documents\Condor2\0.PCB\Condor2_NTEL_REV_C.SchDoc with RESISTOR0402-RES from CB_REV_C.SCHLIB
Replace Part S1 SWITCH-MOMENTARY-2 in C:\Users\Joseph\Documents\Condor2\0.PCB\Condor2_NTEL_REV_C.SchDoc with SWITCH-MOMENTARY-2 from CB_REV_C.SCHLIB
Replace Part S2 SWITCH-MOMENTARY-2 in C:\Users\Joseph\Documents\Condor2\0.PCB\Condor2_NTEL_REV_C.SchDoc with SWITCH-MOMENTARY-2 from CB_REV_C.SCHLIB
Replace Part S3 SWITCH-MOMENTARY-2 in C:\Users\Joseph\Documents\Condor2\0.PCB\Condor2_NTEL_REV_C.SchDoc with SWITCH-MOMENTARY-2 from CB_REV_C.SCHLIB
Replace Part U1 TPS62130RGTT in C:\Users\Joseph\Documents\Condor2\0.PCB\Condor2_NTEL_REV_C.SchDoc with TPS62130RGTT from CB_REV_C.SCHLIB
Replace Part U2 FT232RQ-Reel in C:\Users\Joseph\Documents\Condor2\0.PCB\Condor2_NTEL_REV_C.SchDoc with FT232RQ-Reel from CB_REV_C.SCHLIB
Replace Part USB1 MOLEX-47346-0001 in C:\Users\Joseph\Documents\Condor2\0.PCB\Condor2_NTEL_REV_C.SchDoc with MOLEX-47346-0001 from CB_REV_C.SCHLIB
Replace Part USB2 MOLEX-47346-0001 in C:\Users\Joseph\Documents\Condor2\0.PCB\Condor2_NTEL_REV_C.SchDoc with MOLEX-47346-0001 from CB_REV_C.SCHLIB
