Change Component Designator: Old Designator=BATT600 New Designator=BATT1
Change Component Designator: Old Designator=C600 New Designator=C1
Change Component Designator: Old Designator=C601 New Designator=C2
Change Component Designator: Old Designator=C602 New Designator=C3
Change Component Designator: Old Designator=C603 New Designator=C4
Change Component Designator: Old Designator=C604 New Designator=C6
Change Component Designator: Old Designator=C605 New Designator=C5
Change Component Designator: Old Designator=EDISON600 New Designator=EDISON1
Change Component Designator: Old Designator=L600 New Designator=L1
Change Component Designator: Old Designator=L601 New Designator=L2
Change Component Designator: Old Designator=LED600 New Designator=LED1
Change Component Designator: Old Designator=LED601 New Designator=LED2
Change Component Designator: Old Designator=LV600 New Designator=LV1
Change Component Designator: Old Designator=LV601 New Designator=LV2
Change Component Designator: Old Designator=LV602 New Designator=LV3
Change Component Designator: Old Designator=LV603 New Designator=LV4
Change Component Designator: Old Designator=LV604 New Designator=LV5
Change Component Designator: Old Designator=LV605 New Designator=LV6
Change Component Designator: Old Designator=Nut 600 New Designator=Nut 2
Change Component Designator: Old Designator=Nut 601 New Designator=Nut 1
Change Component Designator: Old Designator=P600 New Designator=P2
Change Component Designator: Old Designator=R600 New Designator=R1
Change Component Designator: Old Designator=R603 New Designator=R2
Change Component Designator: Old Designator=R605 New Designator=R3
Change Component Designator: Old Designator=R606 New Designator=R4
Change Component Designator: Old Designator=R607 New Designator=R5
Change Component Designator: Old Designator=R608 New Designator=R6
Change Component Designator: Old Designator=R609 New Designator=R7
Change Component Designator: Old Designator=R610 New Designator=R8
Change Component Designator: Old Designator=R611 New Designator=R9
Change Component Designator: Old Designator=R612 New Designator=R10
Change Component Designator: Old Designator=R613 New Designator=R11
Change Component Designator: Old Designator=S600 New Designator=S1
Change Component Designator: Old Designator=S601 New Designator=S2
Change Component Designator: Old Designator=S602 New Designator=S3
Change Component Designator: Old Designator=U601 New Designator=U1
Change Component Designator: Old Designator=U603 New Designator=U2
Change Component Designator: Old Designator=USB600 New Designator=USB1
Change Component Designator: Old Designator=USB601 New Designator=USB2
