Replace Part BATT600 MS621FE in C:\Users\Joseph\Documents\Condor2\0.PCB\Condor2_NTEL_REV_C.SchDoc with MS621FE from CB_REV_C.SCHLIB
Replace Part C600 CAP0603 in C:\Users\Joseph\Documents\Condor2\0.PCB\Condor2_NTEL_REV_C.SchDoc with CAP0603 from CB_REV_C.SCHLIB
Replace Part C601 CAP0805 in C:\Users\Joseph\Documents\Condor2\0.PCB\Condor2_NTEL_REV_C.SchDoc with CAP0805 from CB_REV_C.SCHLIB
Replace Part C602 CAP0402 in C:\Users\Joseph\Documents\Condor2\0.PCB\Condor2_NTEL_REV_C.SchDoc with CAP0402 from CB_REV_C.SCHLIB
Replace Part C603 CAP0402 in C:\Users\Joseph\Documents\Condor2\0.PCB\Condor2_NTEL_REV_C.SchDoc with CAP0402 from CB_REV_C.SCHLIB
Replace Part C604 CAP0402 in C:\Users\Joseph\Documents\Condor2\0.PCB\Condor2_NTEL_REV_C.SchDoc with CAP0402 from CB_REV_C.SCHLIB
Replace Part C605 CAP0402 in C:\Users\Joseph\Documents\Condor2\0.PCB\Condor2_NTEL_REV_C.SchDoc with CAP0402 from CB_REV_C.SCHLIB
Replace Part EDISON600 Ed in C:\Users\Joseph\Documents\Condor2\0.PCB\Condor2_NTEL_REV_C.SchDoc with Ed from CB_REV_C.SCHLIB
Replace Part L600 INDUCTOR-XFL4020 in C:\Users\Joseph\Documents\Condor2\0.PCB\Condor2_NTEL_REV_C.SchDoc with INDUCTOR-XFL4020 from CB_REV_C.SCHLIB
Replace Part L601 INDUCTOR0805 in C:\Users\Joseph\Documents\Condor2\0.PCB\Condor2_NTEL_REV_C.SchDoc with INDUCTOR0805 from CB_REV_C.SCHLIB
Replace Part LED600 LED0603 in C:\Users\Joseph\Documents\Condor2\0.PCB\Condor2_NTEL_REV_C.SchDoc with LED0603 from CB_REV_C.SCHLIB
Replace Part LED601 LED0603 in C:\Users\Joseph\Documents\Condor2\0.PCB\Condor2_NTEL_REV_C.SchDoc with LED0603 from CB_REV_C.SCHLIB
Replace Part LV600 SN74LVC1T45 in C:\Users\Joseph\Documents\Condor2\0.PCB\Condor2_NTEL_REV_C.SchDoc with SN74LVC1T45 from CB_REV_C.SCHLIB
Replace Part LV601 SN74LVC1T45 in C:\Users\Joseph\Documents\Condor2\0.PCB\Condor2_NTEL_REV_C.SchDoc with SN74LVC1T45 from CB_REV_C.SCHLIB
Replace Part LV602 SN74LVC1T45 in C:\Users\Joseph\Documents\Condor2\0.PCB\Condor2_NTEL_REV_C.SchDoc with SN74LVC1T45 from CB_REV_C.SCHLIB
Replace Part LV603 SN74LVC1T45 in C:\Users\Joseph\Documents\Condor2\0.PCB\Condor2_NTEL_REV_C.SchDoc with SN74LVC1T45 from CB_REV_C.SCHLIB
Replace Part LV604 SN74LVC1T45 in C:\Users\Joseph\Documents\Condor2\0.PCB\Condor2_NTEL_REV_C.SchDoc with SN74LVC1T45 from CB_REV_C.SCHLIB
Replace Part LV605 SN74LVC1T45 in C:\Users\Joseph\Documents\Condor2\0.PCB\Condor2_NTEL_REV_C.SchDoc with SN74LVC1T45 from CB_REV_C.SCHLIB
Replace Part Nut 600 PEM-SMTSO-M1.6-2-ET in C:\Users\Joseph\Documents\Condor2\0.PCB\Condor2_NTEL_REV_C.SchDoc with PEM-SMTSO-M1.6-2-ET from CB_REV_C.SCHLIB
Replace Part Nut 601 PEM-SMTSO-M1.6-2-ET in C:\Users\Joseph\Documents\Condor2\0.PCB\Condor2_NTEL_REV_C.SchDoc with PEM-SMTSO-M1.6-2-ET from CB_REV_C.SCHLIB
Replace Part P600 DF40-70_RECEPTICAL in C:\Users\Joseph\Documents\Condor2\0.PCB\Condor2_NTEL_REV_C.SchDoc with DF40-70_RECEPTICAL from CB_REV_C.SCHLIB
Replace Part R600 RESISTOR0402-RES in C:\Users\Joseph\Documents\Condor2\0.PCB\Condor2_NTEL_REV_C.SchDoc with RESISTOR0402-RES from CB_REV_C.SCHLIB
Replace Part R603 RESISTOR0402-RES in C:\Users\Joseph\Documents\Condor2\0.PCB\Condor2_NTEL_REV_C.SchDoc with RESISTOR0402-RES from CB_REV_C.SCHLIB
Replace Part R605 RESISTOR0402-RES in C:\Users\Joseph\Documents\Condor2\0.PCB\Condor2_NTEL_REV_C.SchDoc with RESISTOR0402-RES from CB_REV_C.SCHLIB
Replace Part R606 RESISTOR0402-RES in C:\Users\Joseph\Documents\Condor2\0.PCB\Condor2_NTEL_REV_C.SchDoc with RESISTOR0402-RES from CB_REV_C.SCHLIB
Replace Part R607 RESISTOR0402-RES in C:\Users\Joseph\Documents\Condor2\0.PCB\Condor2_NTEL_REV_C.SchDoc with RESISTOR0402-RES from CB_REV_C.SCHLIB
Replace Part R608 RESISTOR0402-RES in C:\Users\Joseph\Documents\Condor2\0.PCB\Condor2_NTEL_REV_C.SchDoc with RESISTOR0402-RES from CB_REV_C.SCHLIB
Replace Part R609 RESISTOR0402-RES in C:\Users\Joseph\Documents\Condor2\0.PCB\Condor2_NTEL_REV_C.SchDoc with RESISTOR0402-RES from CB_REV_C.SCHLIB
Replace Part R610 RESISTOR0402-RES in C:\Users\Joseph\Documents\Condor2\0.PCB\Condor2_NTEL_REV_C.SchDoc with RESISTOR0402-RES from CB_REV_C.SCHLIB
Replace Part R611 RESISTOR0402-RES in C:\Users\Joseph\Documents\Condor2\0.PCB\Condor2_NTEL_REV_C.SchDoc with RESISTOR0402-RES from CB_REV_C.SCHLIB
Replace Part R612 RESISTOR0402-RES in C:\Users\Joseph\Documents\Condor2\0.PCB\Condor2_NTEL_REV_C.SchDoc with RESISTOR0402-RES from CB_REV_C.SCHLIB
Replace Part R613 RESISTOR0402-RES in C:\Users\Joseph\Documents\Condor2\0.PCB\Condor2_NTEL_REV_C.SchDoc with RESISTOR0402-RES from CB_REV_C.SCHLIB
Replace Part S600 SWITCH-MOMENTARY-2 in C:\Users\Joseph\Documents\Condor2\0.PCB\Condor2_NTEL_REV_C.SchDoc with SWITCH-MOMENTARY-2 from CB_REV_C.SCHLIB
Replace Part S601 SWITCH-MOMENTARY-2 in C:\Users\Joseph\Documents\Condor2\0.PCB\Condor2_NTEL_REV_C.SchDoc with SWITCH-MOMENTARY-2 from CB_REV_C.SCHLIB
Replace Part S602 SWITCH-MOMENTARY-2 in C:\Users\Joseph\Documents\Condor2\0.PCB\Condor2_NTEL_REV_C.SchDoc with SWITCH-MOMENTARY-2 from CB_REV_C.SCHLIB
Replace Part U601 TPS62130RGTT in C:\Users\Joseph\Documents\Condor2\0.PCB\Condor2_NTEL_REV_C.SchDoc with TPS62130RGTT from CB_REV_C.SCHLIB
Replace Part U603 FT232RQ-Reel in C:\Users\Joseph\Documents\Condor2\0.PCB\Condor2_NTEL_REV_C.SchDoc with FT232RQ-Reel from CB_REV_C.SCHLIB
Replace Part USB600 MOLEX-47346-0001 in C:\Users\Joseph\Documents\Condor2\0.PCB\Condor2_NTEL_REV_C.SchDoc with MOLEX-47346-0001 from CB_REV_C.SCHLIB
Replace Part USB601 MOLEX-47346-0001 in C:\Users\Joseph\Documents\Condor2\0.PCB\Condor2_NTEL_REV_C.SchDoc with MOLEX-47346-0001 from CB_REV_C.SCHLIB
