Replace Part D100 DIODE-TVS in C:\Users\Joseph\Documents\Condor2\0.PCB\Condor2_Plugs_REV_C.SchDoc with DIODE-TVS from CB_REV_C.SCHLIB
Replace Part D101 DIODE-TVS in C:\Users\Joseph\Documents\Condor2\0.PCB\Condor2_Plugs_REV_C.SchDoc with DIODE-TVS from CB_REV_C.SCHLIB
Replace Part D102 DIODE-TVS in C:\Users\Joseph\Documents\Condor2\0.PCB\Condor2_Plugs_REV_C.SchDoc with DIODE-TVS from CB_REV_C.SCHLIB
Replace Part D103 DIODE-TVS in C:\Users\Joseph\Documents\Condor2\0.PCB\Condor2_Plugs_REV_C.SchDoc with DIODE-TVS from CB_REV_C.SCHLIB
Replace Part D104 DIODE-TVS in C:\Users\Joseph\Documents\Condor2\0.PCB\Condor2_Plugs_REV_C.SchDoc with DIODE-TVS from CB_REV_C.SCHLIB
Replace Part D105 DIODE-TVS in C:\Users\Joseph\Documents\Condor2\0.PCB\Condor2_Plugs_REV_C.SchDoc with DIODE-TVS from CB_REV_C.SCHLIB
Replace Part D106 DIODE-TVS in C:\Users\Joseph\Documents\Condor2\0.PCB\Condor2_Plugs_REV_C.SchDoc with DIODE-TVS from CB_REV_C.SCHLIB
Replace Part D107 DIODE-TVS in C:\Users\Joseph\Documents\Condor2\0.PCB\Condor2_Plugs_REV_C.SchDoc with DIODE-TVS from CB_REV_C.SCHLIB
Replace Part D108 DIODE-TVS in C:\Users\Joseph\Documents\Condor2\0.PCB\Condor2_Plugs_REV_C.SchDoc with DIODE-TVS from CB_REV_C.SCHLIB
Replace Part JP100 HEADER_2MM_RA_SMD in C:\Users\Joseph\Documents\Condor2\0.PCB\Condor2_Plugs_REV_C.SchDoc with HEADER_2MM_RA_SMD from CB_REV_C.SCHLIB
Replace Part L100 KNH16C104DA5TS in C:\Users\Joseph\Documents\Condor2\0.PCB\Condor2_Plugs_REV_C.SchDoc with KNH16C104DA5TS from CB_REV_C.SCHLIB
Replace Part L101 KNH16C104DA5TS in C:\Users\Joseph\Documents\Condor2\0.PCB\Condor2_Plugs_REV_C.SchDoc with KNH16C104DA5TS from CB_REV_C.SCHLIB
Replace Part L102 KNH16C104DA5TS in C:\Users\Joseph\Documents\Condor2\0.PCB\Condor2_Plugs_REV_C.SchDoc with KNH16C104DA5TS from CB_REV_C.SCHLIB
Replace Part L103 KNH16C104DA5TS in C:\Users\Joseph\Documents\Condor2\0.PCB\Condor2_Plugs_REV_C.SchDoc with KNH16C104DA5TS from CB_REV_C.SCHLIB
Replace Part L104 KNH16C104DA5TS in C:\Users\Joseph\Documents\Condor2\0.PCB\Condor2_Plugs_REV_C.SchDoc with KNH16C104DA5TS from CB_REV_C.SCHLIB
Replace Part L105 KNH16C104DA5TS in C:\Users\Joseph\Documents\Condor2\0.PCB\Condor2_Plugs_REV_C.SchDoc with KNH16C104DA5TS from CB_REV_C.SCHLIB
Replace Part L106 KNH16C104DA5TS in C:\Users\Joseph\Documents\Condor2\0.PCB\Condor2_Plugs_REV_C.SchDoc with KNH16C104DA5TS from CB_REV_C.SCHLIB
Replace Part L107 KNH16C104DA5TS in C:\Users\Joseph\Documents\Condor2\0.PCB\Condor2_Plugs_REV_C.SchDoc with KNH16C104DA5TS from CB_REV_C.SCHLIB
Replace Part P100 JST_GH_V6 in C:\Users\Joseph\Documents\Condor2\0.PCB\Condor2_Plugs_REV_C.SchDoc with JST_GH_V6 from CB_REV_C.SCHLIB
Replace Part P101 JST_GH_V3 in C:\Users\Joseph\Documents\Condor2\0.PCB\Condor2_Plugs_REV_C.SchDoc with JST_GH_V3 from CB_REV_C.SCHLIB
Replace Part P102 JST_GH_V4 in C:\Users\Joseph\Documents\Condor2\0.PCB\Condor2_Plugs_REV_C.SchDoc with JST_GH_V4 from CB_REV_C.SCHLIB
Replace Part P103 JST_GH_V6 in C:\Users\Joseph\Documents\Condor2\0.PCB\Condor2_Plugs_REV_C.SchDoc with JST_GH_V6 from CB_REV_C.SCHLIB
Replace Part P104 JST_GH_V4 in C:\Users\Joseph\Documents\Condor2\0.PCB\Condor2_Plugs_REV_C.SchDoc with JST_GH_V4 from CB_REV_C.SCHLIB
Replace Part P105 JST_SUR_6 in C:\Users\Joseph\Documents\Condor2\0.PCB\Condor2_Plugs_REV_C.SchDoc with JST_SUR_6 from CB_REV_C.SCHLIB
Replace Part P106 JST_SUR_6 in C:\Users\Joseph\Documents\Condor2\0.PCB\Condor2_Plugs_REV_C.SchDoc with JST_SUR_6 from CB_REV_C.SCHLIB
Replace Part P107 JST_GH_V8 in C:\Users\Joseph\Documents\Condor2\0.PCB\Condor2_Plugs_REV_C.SchDoc with JST_GH_V8 from CB_REV_C.SCHLIB
Replace Part P108 JST_GH_V4 in C:\Users\Joseph\Documents\Condor2\0.PCB\Condor2_Plugs_REV_C.SchDoc with JST_GH_V4 from CB_REV_C.SCHLIB
Replace Part P109 JST_GH_V6 in C:\Users\Joseph\Documents\Condor2\0.PCB\Condor2_Plugs_REV_C.SchDoc with JST_GH_V6 from CB_REV_C.SCHLIB
