Change component parameters: Designator = "Nut 2" ("Nut 2"); Footprint = "PEM-SMTSO-M1.6-2-ET"; UniqueID = "\HLUBKGKQ" ("\HLUBKGKQ")
Change component parameters (AddParameter): Name = "Manufacturer 1"; Value = "PennEngineering"; VariantName = "[No Variations]"
Change component parameters (AddParameter): Name = "Manufacturer Part Number 1"; Value = "PEM-SMTSO-M1.6-2-ET"; VariantName = "[No Variations]"
Change component parameters (AddParameter): Name = "Mfg Part Num (Alternate)"; Value = "Check"; VariantName = "[No Variations]"
Change component parameters (AddParameter): Name = "Supplier 1"; Value = "PennEngineering"; VariantName = "[No Variations]"
Change component parameters (AddParameter): Name = "Supplier Part Number 1"; Value = "PEM-SMTSO-M1.6-2-ET"; VariantName = "[No Variations]"
Change component parameters (AddParameter): Name = "Supplier Unit Price 1"; Value = "0.7"; VariantName = "[No Variations]"
Change component parameters (AddParameter): Name = "Value"; Value = ""; VariantName = "[No Variations]"
Change component parameters (AddParameter): Name = "Manufacturer 1"; Value = "PennEngineering"; VariantName = "INTEL_CB"
Change component parameters (AddParameter): Name = "Manufacturer Part Number 1"; Value = "PEM-SMTSO-M1.6-2-ET"; VariantName = "INTEL_CB"
Change component parameters (AddParameter): Name = "Mfg Part Num (Alternate)"; Value = "Check"; VariantName = "INTEL_CB"
Change component parameters (AddParameter): Name = "Supplier 1"; Value = "pemnet"; VariantName = "INTEL_CB"
Change component parameters (AddParameter): Name = "Supplier Part Number 1"; Value = "PEM-SMTSO-M1.6-2-ET"; VariantName = "INTEL_CB"
Change component parameters (AddParameter): Name = "Supplier Unit Price 1"; Value = "0.7"; VariantName = "INTEL_CB"
Change component parameters (AddParameter): Name = "Value"; Value = ""; VariantName = "INTEL_CB"
Added Component: Designator=C7(1210)
Added Component: Designator=R12(RES 0805)
Added Component: Designator=R13(RES 0805)
Added Component: Designator=R14(RES 0805)
Added Component: Designator=R15(RES 0805)
Added Component: Designator=R16(PT2512)
Added Component: Designator=U3(INA219)
Add component (AddParameter): Name = "Accuracy"; Value = "1%"; VariantName = "[No Variations]"
Add component (AddParameter): Name = "Bandwidth"; Value = "3.4MHz"; VariantName = "[No Variations]"
Add component (AddParameter): Name = "Case/Package"; Value = "SOT-23-8"; VariantName = "[No Variations]"
Add component (AddParameter): Name = "Common Mode Rejection Ratio"; Value = "100dB"; VariantName = "[No Variations]"
Add component (AddParameter): Name = "Contact Plating"; Value = "Gold"; VariantName = "[No Variations]"
Add component (AddParameter): Name = "Features"; Value = "I²C"; VariantName = "[No Variations]"
Add component (AddParameter): Name = "Height"; Value = "1.3mm"; VariantName = "[No Variations]"
Add component (AddParameter): Name = "Input Offset Voltage (Vos)"; Value = "100uV"; VariantName = "[No Variations]"
Add component (AddParameter): Name = "Lead Free"; Value = "Lead Free"; VariantName = "[No Variations]"
Add component (AddParameter): Name = "Length"; Value = "3mm"; VariantName = "[No Variations]"
Add component (AddParameter): Name = "Max Input Voltage"; Value = "26V"; VariantName = "[No Variations]"
Add component (AddParameter): Name = "Max Operating Temperature"; Value = "125°C"; VariantName = "[No Variations]"
Add component (AddParameter): Name = "Max Supply Current"; Value = "5mA"; VariantName = "[No Variations]"
Add component (AddParameter): Name = "Max Supply Voltage"; Value = "5.5V"; VariantName = "[No Variations]"
Add component (AddParameter): Name = "Min Input Voltage"; Value = "0V"; VariantName = "[No Variations]"
Add component (AddParameter): Name = "Min Operating Temperature"; Value = "-40°C"; VariantName = "[No Variations]"
Add component (AddParameter): Name = "Min Supply Voltage"; Value = "3V"; VariantName = "[No Variations]"
Add component (AddParameter): Name = "Nominal Supply Current"; Value = "700uA"; VariantName = "[No Variations]"
Add component (AddParameter): Name = "Number of Amplifiers"; Value = "1"; VariantName = "[No Variations]"
Add component (AddParameter): Name = "Number of Pins"; Value = "8"; VariantName = "[No Variations]"
Add component (AddParameter): Name = "Operating Supply Current"; Value = "1mA"; VariantName = "[No Variations]"
Add component (AddParameter): Name = "Output Current"; Value = "10mA"; VariantName = "[No Variations]"
Add component (AddParameter): Name = "Output Current per Channel"; Value = "10mA"; VariantName = "[No Variations]"
Add component (AddParameter): Name = "Output Type"; Value = "Digital"; VariantName = "[No Variations]"
Add component (AddParameter): Name = "Package Quantity"; Value = "3000"; VariantName = "[No Variations]"
Add component (AddParameter): Name = "Packaging"; Value = "Tape and Reel"; VariantName = "[No Variations]"
Add component (AddParameter): Name = "Quiescent Current"; Value = "700uA"; VariantName = "[No Variations]"
Add component (AddParameter): Name = "Radiation Hardening"; Value = "No"; VariantName = "[No Variations]"
Add component (AddParameter): Name = "REACH SVHC"; Value = "No SVHC"; VariantName = "[No Variations]"
Add component (AddParameter): Name = "RoHS Compliant"; Value = "Yes"; VariantName = "[No Variations]"
Add component (AddParameter): Name = "Series"; Value = "Zero-Drift"; VariantName = "[No Variations]"
Add component (AddParameter): Name = "Supply Current"; Value = "700uA"; VariantName = "[No Variations]"
Add component (AddParameter): Name = "Weight"; Value = "0.001411oz"; VariantName = "[No Variations]"
Add component (AddParameter): Name = "Width"; Value = "1.75mm"; VariantName = "[No Variations]"
Added Pin To Net: NetName=VCC Pin=C7-2
Add Pin To Net: Unknown Pin: Pin R1-P$1
Add Pin To Net: Unknown Pin: Pin R1-P$2
Add Pin To Net: Unknown Pin: Pin R2-P$1
Add Pin To Net: Unknown Pin: Pin R2-P$2
Add Pin To Net: Unknown Pin: Pin R3-P$1
Add Pin To Net: Unknown Pin: Pin R3-P$2
Add Pin To Net: Unknown Pin: Pin R4-P$1
Add Pin To Net: Unknown Pin: Pin R4-P$2
Add Pin To Net: Unknown Pin: Pin R5-P$1
Add Pin To Net: Unknown Pin: Pin R5-P$2
Add Pin To Net: Unknown Pin: Pin R6-P$1
Add Pin To Net: Unknown Pin: Pin R6-P$2
Add Pin To Net: Unknown Pin: Pin R7-P$1
Add Pin To Net: Unknown Pin: Pin R7-P$2
Add Pin To Net: Unknown Pin: Pin R8-P$1
Add Pin To Net: Unknown Pin: Pin R8-P$2
Add Pin To Net: Unknown Pin: Pin R9-P$1
Add Pin To Net: Unknown Pin: Pin R9-P$2
Add Pin To Net: Unknown Pin: Pin R10-P$1
Add Pin To Net: Unknown Pin: Pin R10-P$2
Add Pin To Net: Unknown Pin: Pin R11-P$1
Add Pin To Net: Unknown Pin: Pin R11-P$2
Added Pin To Net: NetName=VCC Pin=R12-2
Added Pin To Net: NetName=SDA Pin=R13-1
Added Pin To Net: NetName=VCC Pin=R13-2
Added Pin To Net: NetName=NetR14_1 Pin=R14-1
Added Pin To Net: NetName=GND Pin=R14-2
Added Pin To Net: NetName=NetR15_1 Pin=R15-1
Added Pin To Net: NetName=GND Pin=R15-2
Added Pin To Net: NetName=IN- Pin=R16-1
Added Pin To Net: NetName=IN+ Pin=R16-2
Added Pin To Net: NetName=IN+ Pin=U3-1
Added Pin To Net: NetName=IN- Pin=U3-2
Added Pin To Net: NetName=GND Pin=U3-3
Added Pin To Net: NetName=VCC Pin=U3-4
Added Pin To Net: NetName=SDA Pin=U3-6
Added Pin To Net: NetName=NetR14_1 Pin=U3-7
Added Pin To Net: NetName=NetR15_1 Pin=U3-8
Added Member To Class: ClassName=Condor2_CV_Sensors Member=Component C7 1210 0.1uF
Add Class Member: Failed to add class member : Component R1 RESISTOR0402-RES
Add Class Member: Failed to add class member : Component R2 RESISTOR0402-RES
Add Class Member: Failed to add class member : Component R3 RESISTOR0402-RES
Add Class Member: Failed to add class member : Component R4 RESISTOR0402-RES
Add Class Member: Failed to add class member : Component R5 RESISTOR0402-RES
Add Class Member: Failed to add class member : Component R6 RESISTOR0402-RES
Add Class Member: Failed to add class member : Component R7 RESISTOR0402-RES
Add Class Member: Failed to add class member : Component R8 RESISTOR0402-RES
Add Class Member: Failed to add class member : Component R9 RESISTOR0402-RES
Add Class Member: Failed to add class member : Component R10 RESISTOR0402-RES
Add Class Member: Failed to add class member : Component R11 RESISTOR0402-RES
Added Member To Class: ClassName=Condor2_CV_Sensors Member=Component R12 SMD Resistor 0805
Added Member To Class: ClassName=Condor2_CV_Sensors Member=Component R13 SMD Resistor 0805
Added Member To Class: ClassName=Condor2_CV_Sensors Member=Component R14 SMD Resistor 0805
Added Member To Class: ClassName=Condor2_CV_Sensors Member=Component R15 SMD Resistor 0805
Added Member To Class: ClassName=Condor2_CV_Sensors Member=Component R16 Shut Resistor
Added Member To Class: ClassName=Condor2_CV_Sensors Member=Component U3 INA219AIDCNR
