Removed Pin From Net: NetName=GND Pin=BATT1-2
Removed Pin From Net: NetName=GND Pin=C1-P$2
Removed Pin From Net: NetName=VDD_5V_HIPOWER Pin=C2-P$1
Removed Pin From Net: NetName=GND Pin=C2-P$2
Removed Pin From Net: NetName=VDD_5V_HIPOWER Pin=C3-P$1
Removed Pin From Net: NetName=GND Pin=C3-P$2
Removed Pin From Net: NetName=GND Pin=C4-P$2
Removed Pin From Net: NetName=GND Pin=LV1-2
Removed Pin From Net: NetName=SERIAL2_RX Pin=LV1-4
Removed Pin From Net: NetName=GND Pin=LV2-2
Removed Pin From Net: NetName=SERIAL2_TX Pin=LV2-4
Removed Pin From Net: NetName=GND Pin=LV2-5
Removed Pin From Net: NetName=GND Pin=LV3-2
Removed Pin From Net: NetName=SERIAL2_RTS Pin=LV3-4
Removed Pin From Net: NetName=GND Pin=LV3-5
Removed Pin From Net: NetName=GND Pin=LV4-2
Removed Pin From Net: NetName=SERIAL2_CTS Pin=LV4-4
Removed Pin From Net: NetName=GND Pin=LV5-2
Removed Pin From Net: NetName=GND Pin=LV6-2
Removed Pin From Net: NetName=GND Pin=LV6-5
Removed Pin From Net: NetName=GND Pin=Nut 1-0
Removed Pin From Net: NetName=GND Pin=Nut 2-0
Removed Pin From Net: NetName=GND Pin=P2-1
Removed Pin From Net: NetName=GND Pin=P2-5
Removed Pin From Net: NetName=GND Pin=P2-9
Removed Pin From Net: NetName=GND Pin=P2-11
Removed Pin From Net: NetName=GND Pin=P2-13
Removed Pin From Net: NetName=GND Pin=P2-15
Removed Pin From Net: NetName=GND Pin=R2-1
Removed Pin From Net: NetName=GND Pin=R4-1
Removed Pin From Net: NetName=GND Pin=S1-B3
Removed Pin From Net: NetName=GND Pin=S3-B3
Removed Pin From Net: NetName=GND Pin=U1-6
Removed Pin From Net: NetName=GND Pin=U1-7
Removed Pin From Net: NetName=GND Pin=U1-8
Removed Pin From Net: NetName=VDD_5V_HIPOWER Pin=U1-10
Removed Pin From Net: NetName=VDD_5V_HIPOWER Pin=U1-11
Removed Pin From Net: NetName=VDD_5V_HIPOWER Pin=U1-12
Removed Pin From Net: NetName=VDD_5V_HIPOWER Pin=U1-13
Removed Pin From Net: NetName=GND Pin=U1-15
Removed Pin From Net: NetName=GND Pin=U1-16
Removed Pin From Net: NetName=GND Pin=U1-17
Removed Pin From Net: NetName=GND Pin=USB2-GND1
Removed Pin From Net: NetName=GND Pin=USB2-GND2
Removed Pin From Net: NetName=GND Pin=USB2-GND3
Removed Pin From Net: NetName=GND Pin=USB2-GND4
Removed Pin From Net: NetName=GND Pin=USB2-GND
Removed Member From Class: ClassName=Condor2_NTEL_REV_C Member=BATT1
Removed Member From Class: ClassName=Condor2_NTEL_REV_C Member=C1
Removed Member From Class: ClassName=Condor2_NTEL_REV_C Member=C2
Removed Member From Class: ClassName=Condor2_NTEL_REV_C Member=C3
Removed Member From Class: ClassName=Condor2_NTEL_REV_C Member=C4
Removed Member From Class: ClassName=Condor2_NTEL_REV_C Member=L1
Removed Member From Class: ClassName=Condor2_NTEL_REV_C Member=LV1
Removed Member From Class: ClassName=Condor2_NTEL_REV_C Member=LV2
Removed Member From Class: ClassName=Condor2_NTEL_REV_C Member=LV3
Removed Member From Class: ClassName=Condor2_NTEL_REV_C Member=LV4
Removed Member From Class: ClassName=Condor2_NTEL_REV_C Member=LV5
Removed Member From Class: ClassName=Condor2_NTEL_REV_C Member=LV6
Removed Member From Class: ClassName=Condor2_NTEL_REV_C Member=Nut 1
Removed Member From Class: ClassName=Condor2_NTEL_REV_C Member=Nut 2
Removed Member From Class: ClassName=Condor2_NTEL_REV_C Member=P2
Removed Member From Class: ClassName=Condor2_NTEL_REV_C Member=R1
Removed Member From Class: ClassName=Condor2_NTEL_REV_C Member=R2
Removed Member From Class: ClassName=Condor2_NTEL_REV_C Member=R3
Removed Member From Class: ClassName=Condor2_NTEL_REV_C Member=R4
Removed Member From Class: ClassName=Condor2_NTEL_REV_C Member=R7
Removed Member From Class: ClassName=Condor2_NTEL_REV_C Member=R8
Removed Member From Class: ClassName=Condor2_NTEL_REV_C Member=R9
Removed Member From Class: ClassName=Condor2_NTEL_REV_C Member=R10
Removed Member From Class: ClassName=Condor2_NTEL_REV_C Member=R11
Removed Member From Class: ClassName=Condor2_NTEL_REV_C Member=S1
Removed Member From Class: ClassName=Condor2_NTEL_REV_C Member=S2
Removed Member From Class: ClassName=Condor2_NTEL_REV_C Member=S3
Removed Member From Class: ClassName=Condor2_NTEL_REV_C Member=U1
Removed Member From Class: ClassName=Condor2_NTEL_REV_C Member=USB2
