Change component parameters: Designator = "Nut 2" ("Nut 2"); Footprint = "PEM-SMTSO-M1.6-2-ET"; UniqueID = "\HLUBKGKQ" ("\HLUBKGKQ")
Change component parameters (AddParameter): Name = "Manufacturer 1"; Value = "PennEngineering"; VariantName = "[No Variations]"
Change component parameters (AddParameter): Name = "Manufacturer Part Number 1"; Value = "PEM-SMTSO-M1.6-2-ET"; VariantName = "[No Variations]"
Change component parameters (AddParameter): Name = "Mfg Part Num (Alternate)"; Value = "Check"; VariantName = "[No Variations]"
Change component parameters (AddParameter): Name = "Supplier 1"; Value = "PennEngineering"; VariantName = "[No Variations]"
Change component parameters (AddParameter): Name = "Supplier Part Number 1"; Value = "PEM-SMTSO-M1.6-2-ET"; VariantName = "[No Variations]"
Change component parameters (AddParameter): Name = "Supplier Unit Price 1"; Value = "0.7"; VariantName = "[No Variations]"
Change component parameters (AddParameter): Name = "Value"; Value = ""; VariantName = "[No Variations]"
Change component parameters (AddParameter): Name = "Manufacturer 1"; Value = "PennEngineering"; VariantName = "INTEL_CB"
Change component parameters (AddParameter): Name = "Manufacturer Part Number 1"; Value = "PEM-SMTSO-M1.6-2-ET"; VariantName = "INTEL_CB"
Change component parameters (AddParameter): Name = "Mfg Part Num (Alternate)"; Value = "Check"; VariantName = "INTEL_CB"
Change component parameters (AddParameter): Name = "Supplier 1"; Value = "pemnet"; VariantName = "INTEL_CB"
Change component parameters (AddParameter): Name = "Supplier Part Number 1"; Value = "PEM-SMTSO-M1.6-2-ET"; VariantName = "INTEL_CB"
Change component parameters (AddParameter): Name = "Supplier Unit Price 1"; Value = "0.7"; VariantName = "INTEL_CB"
Change component parameters (AddParameter): Name = "Value"; Value = ""; VariantName = "INTEL_CB"
Added Component: Designator=C7(1210)
Added Component: Designator=R1(0402-RES)
Added Component: Designator=R2(0402-RES)
Added Component: Designator=R3(0402-RES)
Added Component: Designator=R4(RES 0805)
Added Component: Designator=R5(0402-RES)
Added Component: Designator=R6(0402-RES)
Added Component: Designator=R7(0402-RES)
Added Component: Designator=R8(0402-RES)
Added Component: Designator=R9(0402-RES)
Added Component: Designator=R10(0402-RES)
Added Component: Designator=R11(0402-RES)
Added Component: Designator=R12(RES 0805)
Added Component: Designator=R13(RES 0805)
Added Component: Designator=R14(RES 0805)
Added Component: Designator=R15(RES 0805)
Added Component: Designator=R16(PT2512)
Added Component: Designator=U3(INA219)
Add component (AddParameter): Name = "Accuracy"; Value = "1%"; VariantName = "[No Variations]"
Add component (AddParameter): Name = "Bandwidth"; Value = "3.4MHz"; VariantName = "[No Variations]"
Add component (AddParameter): Name = "Case/Package"; Value = "SOT-23-8"; VariantName = "[No Variations]"
Add component (AddParameter): Name = "Common Mode Rejection Ratio"; Value = "100dB"; VariantName = "[No Variations]"
Add component (AddParameter): Name = "Contact Plating"; Value = "Gold"; VariantName = "[No Variations]"
Add component (AddParameter): Name = "Features"; Value = "I²C"; VariantName = "[No Variations]"
Add component (AddParameter): Name = "Height"; Value = "1.3mm"; VariantName = "[No Variations]"
Add component (AddParameter): Name = "Input Offset Voltage (Vos)"; Value = "100uV"; VariantName = "[No Variations]"
Add component (AddParameter): Name = "Lead Free"; Value = "Lead Free"; VariantName = "[No Variations]"
Add component (AddParameter): Name = "Length"; Value = "3mm"; VariantName = "[No Variations]"
Add component (AddParameter): Name = "Max Input Voltage"; Value = "26V"; VariantName = "[No Variations]"
Add component (AddParameter): Name = "Max Operating Temperature"; Value = "125°C"; VariantName = "[No Variations]"
Add component (AddParameter): Name = "Max Supply Current"; Value = "5mA"; VariantName = "[No Variations]"
Add component (AddParameter): Name = "Max Supply Voltage"; Value = "5.5V"; VariantName = "[No Variations]"
Add component (AddParameter): Name = "Min Input Voltage"; Value = "0V"; VariantName = "[No Variations]"
Add component (AddParameter): Name = "Min Operating Temperature"; Value = "-40°C"; VariantName = "[No Variations]"
Add component (AddParameter): Name = "Min Supply Voltage"; Value = "3V"; VariantName = "[No Variations]"
Add component (AddParameter): Name = "Nominal Supply Current"; Value = "700uA"; VariantName = "[No Variations]"
Add component (AddParameter): Name = "Number of Amplifiers"; Value = "1"; VariantName = "[No Variations]"
Add component (AddParameter): Name = "Number of Pins"; Value = "8"; VariantName = "[No Variations]"
Add component (AddParameter): Name = "Operating Supply Current"; Value = "1mA"; VariantName = "[No Variations]"
Add component (AddParameter): Name = "Output Current"; Value = "10mA"; VariantName = "[No Variations]"
Add component (AddParameter): Name = "Output Current per Channel"; Value = "10mA"; VariantName = "[No Variations]"
Add component (AddParameter): Name = "Output Type"; Value = "Digital"; VariantName = "[No Variations]"
Add component (AddParameter): Name = "Package Quantity"; Value = "3000"; VariantName = "[No Variations]"
Add component (AddParameter): Name = "Packaging"; Value = "Tape and Reel"; VariantName = "[No Variations]"
Add component (AddParameter): Name = "Quiescent Current"; Value = "700uA"; VariantName = "[No Variations]"
Add component (AddParameter): Name = "Radiation Hardening"; Value = "No"; VariantName = "[No Variations]"
Add component (AddParameter): Name = "REACH SVHC"; Value = "No SVHC"; VariantName = "[No Variations]"
Add component (AddParameter): Name = "RoHS Compliant"; Value = "Yes"; VariantName = "[No Variations]"
Add component (AddParameter): Name = "Series"; Value = "Zero-Drift"; VariantName = "[No Variations]"
Add component (AddParameter): Name = "Supply Current"; Value = "700uA"; VariantName = "[No Variations]"
Add component (AddParameter): Name = "Weight"; Value = "0.001411oz"; VariantName = "[No Variations]"
Add component (AddParameter): Name = "Width"; Value = "1.75mm"; VariantName = "[No Variations]"
Added Pin To Net: NetName=VCC Pin=C7-2
Added Pin To Net: NetName=NetR1_1 Pin=R1-1
Added Pin To Net: NetName=4V38 Pin=R1-2
Added Pin To Net: NetName=GND Pin=R2-1
Added Pin To Net: NetName=NetR1_1 Pin=R2-2
Added Pin To Net: NetName=FAULT Pin=R3-1
Added Pin To Net: NetName=1V8 Pin=R3-2
Added Pin To Net: NetName=GND Pin=R4-1
Added Pin To Net: NetName=PSW Pin=R4-2
Added Pin To Net: NetName=NetLED1_A Pin=R5-1
Added Pin To Net: NetName=VSYS Pin=R5-2
Added Pin To Net: NetName=NetLED2_A Pin=R6-1
Added Pin To Net: NetName=VSYS Pin=R6-2
Added Pin To Net: NetName=VSYS Pin=R7-1
Added Pin To Net: NetName=4V38 Pin=R7-2
Added Pin To Net: NetName=NetR8_1 Pin=R8-1
Added Pin To Net: NetName=VSYS Pin=R8-2
Added Pin To Net: NetName=NetR9_1 Pin=R9-1
Added Pin To Net: NetName=1V8 Pin=R9-2
Added Pin To Net: NetName=PWRBTN# Pin=R10-1
Added Pin To Net: NetName=NetR8_1 Pin=R10-2
Added Pin To Net: NetName=1V8 Pin=R11-1
Added Pin To Net: NetName=RESET_OUT# Pin=R11-2
Added Pin To Net: NetName=SCL Pin=R12-1
Added Pin To Net: NetName=VCC Pin=R12-2
Added Pin To Net: NetName=SDA Pin=R13-1
Added Pin To Net: NetName=VCC Pin=R13-2
Added Pin To Net: NetName=NetR14_1 Pin=R14-1
Added Pin To Net: NetName=GND Pin=R14-2
Added Pin To Net: NetName=NetR15_1 Pin=R15-1
Added Pin To Net: NetName=GND Pin=R15-2
Added Pin To Net: NetName=IN- Pin=R16-1
Added Pin To Net: NetName=IN+ Pin=R16-2
Added Pin To Net: NetName=IN+ Pin=U3-1
Added Pin To Net: NetName=IN- Pin=U3-2
Added Pin To Net: NetName=GND Pin=U3-3
Added Pin To Net: NetName=VCC Pin=U3-4
Added Pin To Net: NetName=SCL Pin=U3-5
Added Pin To Net: NetName=SDA Pin=U3-6
Added Pin To Net: NetName=NetR14_1 Pin=U3-7
Added Pin To Net: NetName=NetR15_1 Pin=U3-8
Added Member To Class: ClassName=Condor2_CV_Sensors Member=Component C7 1210 0.1uF
Added Member To Class: ClassName=Condor2_NTEL_REV_C Member=Component R1 RESISTOR0402-RES
Added Member To Class: ClassName=Condor2_NTEL_REV_C Member=Component R2 RESISTOR0402-RES
Added Member To Class: ClassName=Condor2_NTEL_REV_C Member=Component R3 RESISTOR0402-RES
Added Member To Class: ClassName=Condor2_NTEL_REV_C Member=Component R4 SMD Resistor 0805
Added Member To Class: ClassName=Condor2_NTEL_REV_C Member=Component R5 RESISTOR0402-RES
Added Member To Class: ClassName=Condor2_NTEL_REV_C Member=Component R6 RESISTOR0402-RES
Added Member To Class: ClassName=Condor2_NTEL_REV_C Member=Component R7 RESISTOR0402-RES
Added Member To Class: ClassName=Condor2_NTEL_REV_C Member=Component R8 RESISTOR0402-RES
Added Member To Class: ClassName=Condor2_NTEL_REV_C Member=Component R9 RESISTOR0402-RES
Added Member To Class: ClassName=Condor2_NTEL_REV_C Member=Component R10 RESISTOR0402-RES
Added Member To Class: ClassName=Condor2_NTEL_REV_C Member=Component R11 RESISTOR0402-RES
Added Member To Class: ClassName=Condor2_CV_Sensors Member=Component R12 SMD Resistor 0805
Added Member To Class: ClassName=Condor2_CV_Sensors Member=Component R13 SMD Resistor 0805
Added Member To Class: ClassName=Condor2_CV_Sensors Member=Component R14 SMD Resistor 0805
Added Member To Class: ClassName=Condor2_CV_Sensors Member=Component R15 SMD Resistor 0805
Added Member To Class: ClassName=Condor2_CV_Sensors Member=Component R16 Shut Resistor
Added Member To Class: ClassName=Condor2_CV_Sensors Member=Component U3 INA219AIDCNR
Added Room: Name=Condor2_80_Pin_REV_C
Added Room: Name=Condor2__Power_REV_C
Added Room: Name=Condor2_NTEL_REV_C
Added Room: Name=Condor2_Plugs_REV_C
Added Room: Name=Condor2_Servo_REV_C
Added Room: Name=Condor2_tp_REV_C
