Change Component Designator: OldDesignator=12 V NewDesignator=*
Added Component: Designator=REGin(PAD.04X.04)
Added Component: Designator=REGout(PAD.04X.04)
Added Component: Designator=VBATT(PAD.04X.04)
Added Component: Designator=VCURR(PAD.04X.04)
Added Pin To Net: NetName=Net*_OUT+ Pin=REGout-P$1
Added Pin To Net: NetName=Net*_IN+ Pin=*-IN+
Added Pin To Net: NetName=Net*_IN+ Pin=REGin-P$1
Added Net: Name=Net*_IN+
Add Class Member: Failed to add class member : Component JP400 FIDUCIAL1.5X3
Add Class Member: Failed to add class member : Component JP401 FIDUCIAL1.5X3
Added Member To Class: ClassName=Condor2a_Power_REV_C Member=Component P202 CLICKMATE_2_6
Added Member To Class: ClassName=Condor2a_Herlink Member=Component REGin PAD.04
Added Member To Class: ClassName=Condor2a_Herlink Member=Component REGout PAD.04
Added Member To Class: ClassName=Condor2a_tp_REV_C Member=Component VBATT PAD.04
Added Member To Class: ClassName=Condor2a_tp_REV_C Member=Component VCURR PAD.04
Added Room: Name=Condor2a_Pin_REV_C
Added Room: Name=Condor2a_Plugs_REV_C
Added Room: Name=Condor2a_Power_REV_C
Added Room: Name=Condor2a_Servo_REV_C
Added Room: Name=Condor2a_tp_REV_C
