Change Component Designator: Old Designator=BATT600 New Designator=BATT?
Change Component Designator: Old Designator=C600 New Designator=C?
Change Component Designator: Old Designator=C601 New Designator=C?
Change Component Designator: Old Designator=C602 New Designator=C?
Change Component Designator: Old Designator=C603 New Designator=C?
Change Component Designator: Old Designator=C604 New Designator=C?
Change Component Designator: Old Designator=C605 New Designator=C?
Change Component Designator: Old Designator=EDISON600 New Designator=EDISON?
Change Component Designator: Old Designator=L600 New Designator=L?
Change Component Designator: Old Designator=L601 New Designator=L?
Change Component Designator: Old Designator=LED600 New Designator=LED?
Change Component Designator: Old Designator=LED601 New Designator=LED?
Change Component Designator: Old Designator=LV600 New Designator=LV?
Change Component Designator: Old Designator=LV601 New Designator=LV?
Change Component Designator: Old Designator=LV602 New Designator=LV?
Change Component Designator: Old Designator=LV603 New Designator=LV?
Change Component Designator: Old Designator=LV604 New Designator=LV?
Change Component Designator: Old Designator=LV605 New Designator=LV?
Change Component Designator: Old Designator=Nut 600 New Designator=Nut ?
Change Component Designator: Old Designator=Nut 601 New Designator=Nut ?
Change Component Designator: Old Designator=P600 New Designator=P?
Change Component Designator: Old Designator=R600 New Designator=R?
Change Component Designator: Old Designator=R603 New Designator=R?
Change Component Designator: Old Designator=R605 New Designator=R?
Change Component Designator: Old Designator=R606 New Designator=R?
Change Component Designator: Old Designator=R607 New Designator=R?
Change Component Designator: Old Designator=R608 New Designator=R?
Change Component Designator: Old Designator=R609 New Designator=R?
Change Component Designator: Old Designator=R610 New Designator=R?
Change Component Designator: Old Designator=R611 New Designator=R?
Change Component Designator: Old Designator=R612 New Designator=R?
Change Component Designator: Old Designator=R613 New Designator=R?
Change Component Designator: Old Designator=S600 New Designator=S?
Change Component Designator: Old Designator=S601 New Designator=S?
Change Component Designator: Old Designator=S602 New Designator=S?
Change Component Designator: Old Designator=U601 New Designator=U?
Change Component Designator: Old Designator=U603 New Designator=U?
Change Component Designator: Old Designator=USB600 New Designator=USB?
Change Component Designator: Old Designator=USB601 New Designator=USB?
